<?xml version="1.0" encoding="UTF-8"?>
<!-- Generated by org.testng.reporters.JUnitReportReporter -->
<testsuite skipped="0" hostname="DESKTOP-IQ4P7H3" name="com.MavenProject.MavenTest" tests="1" failures="0" timestamp="05 Dec 2018 00:14:07 GMT" time="0.022" errors="0">
  <testcase name="hello" time="0.022" classname="com.MavenProject.MavenTest"/>
</testsuite> <!-- com.MavenProject.MavenTest -->
