<?xml version="1.0" encoding="UTF-8"?>
<!-- Generated by org.testng.reporters.JUnitReportReporter -->
<testsuite skipped="0" hostname="DESKTOP-IQ4P7H3" name="com.MavenProject.BaseClass" tests="1" failures="0" timestamp="05 Dec 2018 01:46:11 GMT" time="6.546" errors="0">
  <testcase name="Start" time="6.546" classname="com.MavenProject.BaseClass"/>
</testsuite> <!-- com.MavenProject.BaseClass -->
